<?xml version="1.0" encoding="UTF-8"?>
<!-- Generated by org.testng.reporters.JUnitReportReporter -->
<testsuite hostname="DESKTOP-CB3S4U6" failures="0" tests="3" name="testNG.GroupingExecution" time="0.033" errors="0" timestamp="2021-08-29T19:51:02 IST" skipped="0">
  <testcase classname="testNG.GroupingExecution" name="ft1" time="0.019"/>
  <system-out>
    <![CDATA[fttest1]]>
  </system-out>
  <testcase classname="testNG.GroupingExecution" name="it1" time="0.007"/>
  <system-out>
    <![CDATA[ittest1]]>
  </system-out>
  <testcase classname="testNG.GroupingExecution" name="ft2" time="0.007"/>
  <system-out>
    <![CDATA[fttest2]]>
  </system-out>
</testsuite> <!-- testNG.GroupingExecution -->
