<?xml version="1.0" encoding="UTF-8"?>
<!-- Generated by org.testng.reporters.JUnitReportReporter -->
<testsuite hostname="DESKTOP-CB3S4U6" failures="0" tests="3" name="testNG.ParallelMethods" time="28.315" errors="0" timestamp="2021-08-30T08:06:59 IST" skipped="0">
  <testcase classname="testNG.ParallelMethods" name="runChrome3" time="12.493"/>
  <system-out/>
  <testcase classname="testNG.ParallelMethods" name="runChrome2" time="8.964"/>
  <system-out/>
  <testcase classname="testNG.ParallelMethods" name="runChrome1" time="6.858"/>
  <system-out/>
</testsuite> <!-- testNG.ParallelMethods -->
