<?xml version="1.0" encoding="UTF-8"?>
<!-- Generated by org.testng.reporters.JUnitReportReporter -->
<testsuite hostname="DESKTOP-CB3S4U6" failures="0" tests="4" name="testNG.DataDrivenConceptInTestNG" time="0.025" errors="0" timestamp="2021-08-29T23:01:59 IST" skipped="0">
  <testcase classname="testNG.DataDrivenConceptInTestNG" name="getData" time="0.009"/>
  <system-out>
    <![CDATA[admin1....manager1]]>
  </system-out>
  <testcase classname="testNG.DataDrivenConceptInTestNG" name="getData" time="0.004"/>
  <system-out>
    <![CDATA[admin2....manager2]]>
  </system-out>
  <testcase classname="testNG.DataDrivenConceptInTestNG" name="getData" time="0.003"/>
  <system-out>
    <![CDATA[admin2....manager2.....goa]]>
  </system-out>
  <testcase classname="testNG.DataDrivenConceptInTestNG" name="getData" time="0.009"/>
  <system-out>
    <![CDATA[admin1....manager1.....hyd]]>
  </system-out>
</testsuite> <!-- testNG.DataDrivenConceptInTestNG -->
