<?xml version="1.0" encoding="UTF-8"?>
<!-- Generated by org.testng.reporters.JUnitReportReporter -->
<testsuite hostname="DESKTOP-CB3S4U6" failures="0" tests="7" name="testNG.FlagsOfTesting" time="0.050" errors="0" timestamp="2021-08-28T23:25:43 IST" skipped="1">
  <testcase classname="testNG.FlagsOfTesting" name="run" time="0.017"/>
  <system-out>
    <![CDATA[run]]>
  </system-out>
  <testcase classname="testNG.FlagsOfTesting" name="gun" time="0.004"/>
  <system-out>
    <![CDATA[gun]]>
  </system-out>
  <testcase classname="testNG.FlagsOfTesting" name="gun" time="0.004"/>
  <system-out>
    <![CDATA[gun]]>
  </system-out>
  <testcase classname="testNG.FlagsOfTesting" name="gun" time="0.006"/>
  <system-out>
    <![CDATA[gun]]>
  </system-out>
  <testcase classname="testNG.FlagsOfTesting" name="gun" time="0.008"/>
  <system-out>
    <![CDATA[gun]]>
  </system-out>
  <testcase classname="testNG.FlagsOfTesting" name="gun" time="0.011"/>
  <system-out>
    <![CDATA[gun]]>
  </system-out>
  <testcase classname="testNG.FlagsOfTesting" name="bun">
    <skipped/>
  </testcase> <!-- bun -->
  <system-out/>
</testsuite> <!-- testNG.FlagsOfTesting -->
