<?xml version="1.0" encoding="UTF-8"?>
<!-- Generated by org.testng.reporters.JUnitReportReporter -->
<testsuite hostname="DESKTOP-CB3S4U6" failures="0" tests="3" name="testNG.DependencyFeaturesInTesting" time="0.021" errors="0" timestamp="2021-08-26T09:16:04 IST" skipped="0">
  <testcase classname="testNG.DependencyFeaturesInTesting" name="delete" time="0.002"/>
  <system-out>
    <![CDATA[sucessfully deleted]]>
  </system-out>
  <testcase classname="testNG.DependencyFeaturesInTesting" name="transfer1" time="0.016"/>
  <system-out>
    <![CDATA[successfully transferred1]]>
  </system-out>
  <testcase classname="testNG.DependencyFeaturesInTesting" name="transfer2" time="0.003"/>
  <system-out>
    <![CDATA[successfully transferred2]]>
  </system-out>
</testsuite> <!-- testNG.DependencyFeaturesInTesting -->
