<?xml version="1.0" encoding="UTF-8"?>
<!-- Generated by org.testng.reporters.JUnitReportReporter -->
<testsuite hostname="DESKTOP-CB3S4U6" failures="0" tests="1" name="testNG.Remo" time="0.004" errors="0" timestamp="2021-08-25T11:47:26 IST" skipped="0">
  <testcase classname="testNG.Remo" name="run" time="0.004"/>
  <system-out>
    <![CDATA[remo]]>
  </system-out>
</testsuite> <!-- testNG.Remo -->
