<?xml version="1.0" encoding="UTF-8"?>
<!-- Generated by org.testng.reporters.JUnitReportReporter -->
<testsuite hostname="DESKTOP-CB3S4U6" failures="0" tests="2" name="testNG.AnnotationsMainClass" time="0.014" errors="0" timestamp="2021-08-31T12:43:16 IST" skipped="0">
  <testcase classname="testNG.AnnotationsMainClass" name="run" time="0.005"/>
  <system-out>
    <![CDATA[run test method]]>
  </system-out>
  <testcase classname="testNG.AnnotationsMainClass" name="bun" time="0.009"/>
  <system-out>
    <![CDATA[bun test method]]>
  </system-out>
</testsuite> <!-- testNG.AnnotationsMainClass -->
