<?xml version="1.0" encoding="UTF-8"?>
<!-- Generated by org.testng.reporters.JUnitReportReporter -->
<testsuite hostname="DESKTOP-CB3S4U6" failures="0" tests="1" name="testNG.Demo" time="0.002" errors="0" timestamp="2021-08-25T11:47:26 IST" skipped="0">
  <testcase classname="testNG.Demo" name="run" time="0.002"/>
  <system-out>
    <![CDATA[hello
chai
demo]]>
  </system-out>
</testsuite> <!-- testNG.Demo -->
