<?xml version="1.0" encoding="UTF-8"?>
<!-- Generated by org.testng.reporters.JUnitReportReporter -->
<testsuite hostname="DESKTOP-CB3S4U6" failures="0" tests="1" name="testNG.ReadDataFromXml" time="0.021" errors="0" timestamp="2021-08-30T00:11:36 IST" skipped="0">
  <testcase classname="testNG.ReadDataFromXml" name="readData" time="0.021"/>
  <system-out>
    <![CDATA[chrome]]>
  </system-out>
</testsuite> <!-- testNG.ReadDataFromXml -->
