<?xml version="1.0" encoding="UTF-8"?>
<!-- Generated by org.testng.reporters.JUnitReportReporter -->
<testsuite hostname="DESKTOP-CB3S4U6" failures="0" tests="1" name="testNG.AnnotationsMainClass2" time="0.002" errors="0" timestamp="2021-08-31T12:43:16 IST" skipped="0">
  <testcase classname="testNG.AnnotationsMainClass2" name="gun" time="0.002"/>
  <system-out>
    <![CDATA[gun test method]]>
  </system-out>
</testsuite> <!-- testNG.AnnotationsMainClass2 -->
