<?xml version="1.0" encoding="UTF-8"?>
<!-- Generated by org.testng.reporters.JUnitReportReporter -->
<testsuite hostname="DESKTOP-CB3S4U6" failures="0" tests="1" name="testNG.Sumo" time="0.011" errors="0" timestamp="2021-08-25T11:47:26 IST" skipped="0">
  <testcase classname="testNG.Sumo" name="run" time="0.011"/>
  <system-out>
    <![CDATA[sumo]]>
  </system-out>
</testsuite> <!-- testNG.Sumo -->
