<?xml version="1.0" encoding="UTF-8"?>
<!-- Generated by org.testng.reporters.JUnitReportReporter -->
<testsuite hostname="DESKTOP-CB3S4U6" failures="0" tests="1" name="testNG.AssertionInTestNG" time="84.837" errors="0" timestamp="2021-08-26T09:47:45 IST" skipped="0">
  <testcase classname="testNG.AssertionInTestNG" name="verify" time="84.837"/>
  <system-out/>
</testsuite> <!-- testNG.AssertionInTestNG -->
