<?xml version="1.0" encoding="UTF-8"?>
<!-- Generated by org.testng.reporters.JUnitReportReporter -->
<testsuite hostname="DESKTOP-CB3S4U6" failures="0" tests="7" name="testNG.TestClasses" time="0.037" errors="0" timestamp="2021-08-26T07:50:59 IST" skipped="1">
  <testcase classname="testNG.TestClasses" name="run" time="0.013"/>
  <system-out>
    <![CDATA[run]]>
  </system-out>
  <testcase classname="testNG.TestClasses" name="gun" time="0.003"/>
  <system-out>
    <![CDATA[gun]]>
  </system-out>
  <testcase classname="testNG.TestClasses" name="gun" time="0.007"/>
  <system-out>
    <![CDATA[gun]]>
  </system-out>
  <testcase classname="testNG.TestClasses" name="gun" time="0.005"/>
  <system-out>
    <![CDATA[gun]]>
  </system-out>
  <testcase classname="testNG.TestClasses" name="gun" time="0.006"/>
  <system-out>
    <![CDATA[gun]]>
  </system-out>
  <testcase classname="testNG.TestClasses" name="gun" time="0.003"/>
  <system-out>
    <![CDATA[gun]]>
  </system-out>
  <testcase classname="testNG.TestClasses" name="bun">
    <skipped/>
  </testcase> <!-- bun -->
  <system-out/>
</testsuite> <!-- testNG.TestClasses -->
